nohup: ignoring input

  .   ____          _            __ _ _
 /\\ / ___'_ __ _ _(_)_ __  __ _ \ \ \ \
( ( )\___ | '_ | '_| | '_ \/ _` | \ \ \ \
 \\/  ___)| |_)| | | | | || (_| |  ) ) ) )
  '  |____| .__|_| |_|_| |_\__, | / / / /
 =========|_|==============|___/=/_/_/_/

 :: Spring Boot ::                (v3.5.7)

2025-11-19T21:48:32.627+05:30  INFO 29447 --- [book-service] [           main] c.l.bookservice.BookServiceApplication   : Starting BookServiceApplication v0.0.1-SNAPSHOT using Java 21.0.8 with PID 29447 (/home/raghu-ram/Downloads/library-management (2)/microservices/book-service/target/book-service-0.0.1-SNAPSHOT.jar started by raghu-ram in /home/raghu-ram/Downloads/library-management (2)/microservices/book-service)
2025-11-19T21:48:32.632+05:30  INFO 29447 --- [book-service] [           main] c.l.bookservice.BookServiceApplication   : No active profile set, falling back to 1 default profile: "default"
2025-11-19T21:48:33.027+05:30  INFO 29447 --- [book-service] [           main] .s.d.r.c.RepositoryConfigurationDelegate : Bootstrapping Spring Data JPA repositories in DEFAULT mode.
2025-11-19T21:48:33.058+05:30  INFO 29447 --- [book-service] [           main] .s.d.r.c.RepositoryConfigurationDelegate : Finished Spring Data repository scanning in 25 ms. Found 1 JPA repository interface.
2025-11-19T21:48:33.306+05:30  INFO 29447 --- [book-service] [           main] o.s.b.w.embedded.tomcat.TomcatWebServer  : Tomcat initialized with port 8081 (http)
2025-11-19T21:48:33.314+05:30  INFO 29447 --- [book-service] [           main] o.apache.catalina.core.StandardService   : Starting service [Tomcat]
2025-11-19T21:48:33.314+05:30  INFO 29447 --- [book-service] [           main] o.apache.catalina.core.StandardEngine    : Starting Servlet engine: [Apache Tomcat/10.1.48]
2025-11-19T21:48:33.329+05:30  INFO 29447 --- [book-service] [           main] o.a.c.c.C.[Tomcat].[localhost].[/]       : Initializing Spring embedded WebApplicationContext
2025-11-19T21:48:33.330+05:30  INFO 29447 --- [book-service] [           main] w.s.c.ServletWebServerApplicationContext : Root WebApplicationContext: initialization completed in 677 ms
2025-11-19T21:48:33.433+05:30  INFO 29447 --- [book-service] [           main] o.hibernate.jpa.internal.util.LogHelper  : HHH000204: Processing PersistenceUnitInfo [name: default]
2025-11-19T21:48:33.462+05:30  INFO 29447 --- [book-service] [           main] org.hibernate.Version                    : HHH000412: Hibernate ORM core version 6.6.33.Final
2025-11-19T21:48:33.482+05:30  INFO 29447 --- [book-service] [           main] o.h.c.internal.RegionFactoryInitiator    : HHH000026: Second-level cache disabled
2025-11-19T21:48:33.672+05:30  INFO 29447 --- [book-service] [           main] o.s.o.j.p.SpringPersistenceUnitInfo      : No LoadTimeWeaver setup: ignoring JPA class transformer
2025-11-19T21:48:33.693+05:30  INFO 29447 --- [book-service] [           main] com.zaxxer.hikari.HikariDataSource       : HikariPool-1 - Starting...
2025-11-19T21:48:33.820+05:30  INFO 29447 --- [book-service] [           main] com.zaxxer.hikari.pool.HikariPool        : HikariPool-1 - Added connection conn0: url=jdbc:h2:mem:bookdb user=SA
2025-11-19T21:48:33.821+05:30  INFO 29447 --- [book-service] [           main] com.zaxxer.hikari.HikariDataSource       : HikariPool-1 - Start completed.
2025-11-19T21:48:33.862+05:30  INFO 29447 --- [book-service] [           main] org.hibernate.orm.connections.pooling    : HHH10001005: Database info:
	Database JDBC URL [Connecting through datasource 'HikariDataSource (HikariPool-1)']
	Database driver: undefined/unknown
	Database version: 2.3.232
	Autocommit mode: undefined/unknown
	Isolation level: undefined/unknown
	Minimum pool size: undefined/unknown
	Maximum pool size: undefined/unknown
2025-11-19T21:48:34.263+05:30  INFO 29447 --- [book-service] [           main] o.h.e.t.j.p.i.JtaPlatformInitiator       : HHH000489: No JTA platform available (set 'hibernate.transaction.jta.platform' to enable JTA platform integration)
Hibernate: create table books (id bigint generated by default as identity, author varchar(255), available_copies integer not null, isbn varchar(255), title varchar(255), primary key (id))
2025-11-19T21:48:34.294+05:30  INFO 29447 --- [book-service] [           main] j.LocalContainerEntityManagerFactoryBean : Initialized JPA EntityManagerFactory for persistence unit 'default'
2025-11-19T21:48:34.474+05:30  WARN 29447 --- [book-service] [           main] JpaBaseConfiguration$JpaWebConfiguration : spring.jpa.open-in-view is enabled by default. Therefore, database queries may be performed during view rendering. Explicitly configure spring.jpa.open-in-view to disable this warning
2025-11-19T21:48:34.650+05:30  INFO 29447 --- [book-service] [           main] o.s.b.a.h2.H2ConsoleAutoConfiguration    : H2 console available at '/h2-console'. Database available at 'jdbc:h2:mem:bookdb'
2025-11-19T21:48:34.701+05:30  INFO 29447 --- [book-service] [           main] o.s.b.w.embedded.tomcat.TomcatWebServer  : Tomcat started on port 8081 (http) with context path '/'
2025-11-19T21:48:34.712+05:30  INFO 29447 --- [book-service] [           main] c.l.bookservice.BookServiceApplication   : Started BookServiceApplication in 2.352 seconds (process running for 2.649)
2025-11-19T23:32:54.808+05:30  INFO 29447 --- [book-service] [nio-8081-exec-1] o.a.c.c.C.[Tomcat].[localhost].[/]       : Initializing Spring DispatcherServlet 'dispatcherServlet'
2025-11-19T23:32:54.808+05:30  INFO 29447 --- [book-service] [nio-8081-exec-1] o.s.web.servlet.DispatcherServlet        : Initializing Servlet 'dispatcherServlet'
2025-11-19T23:32:54.809+05:30  INFO 29447 --- [book-service] [nio-8081-exec-1] o.s.web.servlet.DispatcherServlet        : Completed initialization in 1 ms
Hibernate: insert into books (author,available_copies,isbn,title,id) values (?,?,?,?,default)
Hibernate: select b1_0.id,b1_0.author,b1_0.available_copies,b1_0.isbn,b1_0.title from books b1_0
2025-11-19T23:39:42.667+05:30  INFO 29447 --- [book-service] [ionShutdownHook] o.s.b.w.e.tomcat.GracefulShutdown        : Commencing graceful shutdown. Waiting for active requests to complete
2025-11-19T23:39:42.674+05:30  INFO 29447 --- [book-service] [tomcat-shutdown] o.s.b.w.e.tomcat.GracefulShutdown        : Graceful shutdown complete
2025-11-19T23:39:42.677+05:30  INFO 29447 --- [book-service] [ionShutdownHook] j.LocalContainerEntityManagerFactoryBean : Closing JPA EntityManagerFactory for persistence unit 'default'
2025-11-19T23:39:42.683+05:30  INFO 29447 --- [book-service] [ionShutdownHook] com.zaxxer.hikari.HikariDataSource       : HikariPool-1 - Shutdown initiated...
2025-11-19T23:39:42.684+05:30  INFO 29447 --- [book-service] [ionShutdownHook] com.zaxxer.hikari.HikariDataSource       : HikariPool-1 - Shutdown completed.
